android/app/build/intermediates/manifest_merge_blame_file/debug/manifest-merger-blame-debug-report.txt
1<?xml version="1.0" encoding="utf-8"?>
2<manifest xmlns:android="http://schemas.android.com/apk/res/android"
3    package="com.medina.app"
4    android:versionCode="1"
5    android:versionName="1.0" >
6
7    <uses-sdk
8        android:minSdkVersion="24"
9        android:targetSdkVersion="33" />
10
11    <uses-permission android:name="android.permission.INTERNET" />
11-->src\main\AndroidManifest.xml:4:5-67
11-->src\main\AndroidManifest.xml:4:22-64
12
13    <permission
13-->[androidx.core:core:1.10.1] AndroidManifest.xml:22:5-24:47
14        android:name="com.medina.app.DYNAMIC_RECEIVER_NOT_EXPORTED_PERMISSION"
14-->[androidx.core:core:1.10.1] AndroidManifest.xml:23:9-81
15        android:protectionLevel="signature" />
15-->[androidx.core:core:1.10.1] AndroidManifest.xml:24:9-44
16
17    <uses-permission android:name="com.medina.app.DYNAMIC_RECEIVER_NOT_EXPORTED_PERMISSION" />
17-->[androidx.core:core:1.10.1] AndroidManifest.xml:26:5-97
17-->[androidx.core:core:1.10.1] AndroidManifest.xml:26:22-94
18
19    <application
19-->src\main\AndroidManifest.xml:6:5-51:19
20        android:allowBackup="true"
20-->src\main\AndroidManifest.xml:7:9-35
21        android:appComponentFactory="androidx.core.app.CoreComponentFactory"
21-->[androidx.core:core:1.10.1] AndroidManifest.xml:28:18-86
22        android:debuggable="true"
23        android:extractNativeLibs="false"
24        android:icon="@drawable/app_icon"
24-->src\main\AndroidManifest.xml:8:9-42
25        android:label="@string/app_name"
25-->src\main\AndroidManifest.xml:9:9-41
26        android:roundIcon="@drawable/app_icon"
26-->src\main\AndroidManifest.xml:10:9-47
27        android:supportsRtl="true"
27-->src\main\AndroidManifest.xml:11:9-35
28        android:testOnly="true"
28-->src\main\AndroidManifest.xml:14:9-33
29        android:theme="@style/Theme.MedinaApp"
29-->src\main\AndroidManifest.xml:12:9-47
30        android:usesCleartextTraffic="true" >
30-->src\main\AndroidManifest.xml:13:9-44
31        <activity
31-->src\main\AndroidManifest.xml:16:9-24:20
32            android:name="com.medina.app.activities.LoginActivity"
32-->src\main\AndroidManifest.xml:17:13-53
33            android:exported="true"
33-->src\main\AndroidManifest.xml:18:13-36
34            android:windowSoftInputMode="adjustResize" >
34-->src\main\AndroidManifest.xml:19:13-55
35            <intent-filter>
35-->src\main\AndroidManifest.xml:20:13-23:29
36                <action android:name="android.intent.action.MAIN" />
36-->src\main\AndroidManifest.xml:21:17-69
36-->src\main\AndroidManifest.xml:21:25-66
37
38                <category android:name="android.intent.category.LAUNCHER" />
38-->src\main\AndroidManifest.xml:22:17-77
38-->src\main\AndroidManifest.xml:22:27-74
39            </intent-filter>
40        </activity>
41        <activity
41-->src\main\AndroidManifest.xml:26:9-29:58
42            android:name="com.medina.app.activities.ForgotPasswordActivity"
42-->src\main\AndroidManifest.xml:27:13-62
43            android:exported="false"
43-->src\main\AndroidManifest.xml:28:13-37
44            android:windowSoftInputMode="adjustResize" />
44-->src\main\AndroidManifest.xml:29:13-55
45        <activity
45-->src\main\AndroidManifest.xml:31:9-44:20
46            android:name="com.medina.app.activities.ResetPasswordActivity"
46-->src\main\AndroidManifest.xml:32:13-61
47            android:exported="true"
47-->src\main\AndroidManifest.xml:33:13-36
48            android:launchMode="singleTask"
48-->src\main\AndroidManifest.xml:34:13-44
49            android:windowSoftInputMode="adjustResize" >
49-->src\main\AndroidManifest.xml:35:13-55
50
51            <!-- Broad deep link for localhost to catch any reset link variants -->
52            <intent-filter android:autoVerify="true" >
52-->src\main\AndroidManifest.xml:37:13-43:29
52-->src\main\AndroidManifest.xml:37:28-53
53                <action android:name="android.intent.action.VIEW" />
53-->src\main\AndroidManifest.xml:38:17-69
53-->src\main\AndroidManifest.xml:38:25-66
54
55                <category android:name="android.intent.category.DEFAULT" />
55-->src\main\AndroidManifest.xml:39:17-76
55-->src\main\AndroidManifest.xml:39:27-73
56                <category android:name="android.intent.category.BROWSABLE" />
56-->src\main\AndroidManifest.xml:40:17-78
56-->src\main\AndroidManifest.xml:40:27-75
57
58                <data
58-->src\main\AndroidManifest.xml:41:17-72
59                    android:host="localhost"
59-->src\main\AndroidManifest.xml:41:45-69
60                    android:scheme="http" />
60-->src\main\AndroidManifest.xml:41:23-44
61                <data
61-->src\main\AndroidManifest.xml:41:17-72
62                    android:host="localhost"
62-->src\main\AndroidManifest.xml:41:45-69
63                    android:scheme="https" />
63-->src\main\AndroidManifest.xml:41:23-44
64            </intent-filter>
65        </activity>
66        <activity
66-->src\main\AndroidManifest.xml:46:9-49:58
67            android:name="com.medina.app.activities.DashboardActivity"
67-->src\main\AndroidManifest.xml:47:13-57
68            android:exported="false"
68-->src\main\AndroidManifest.xml:48:13-37
69            android:windowSoftInputMode="adjustResize" />
69-->src\main\AndroidManifest.xml:49:13-55
70
71        <provider
71-->[androidx.emoji2:emoji2:1.2.0] AndroidManifest.xml:24:9-32:20
72            android:name="androidx.startup.InitializationProvider"
72-->[androidx.emoji2:emoji2:1.2.0] AndroidManifest.xml:25:13-67
73            android:authorities="com.medina.app.androidx-startup"
73-->[androidx.emoji2:emoji2:1.2.0] AndroidManifest.xml:26:13-68
74            android:exported="false" >
74-->[androidx.emoji2:emoji2:1.2.0] AndroidManifest.xml:27:13-37
75            <meta-data
75-->[androidx.emoji2:emoji2:1.2.0] AndroidManifest.xml:29:13-31:52
76                android:name="androidx.emoji2.text.EmojiCompatInitializer"
76-->[androidx.emoji2:emoji2:1.2.0] AndroidManifest.xml:30:17-75
77                android:value="androidx.startup" />
77-->[androidx.emoji2:emoji2:1.2.0] AndroidManifest.xml:31:17-49
78            <meta-data
78-->[androidx.lifecycle:lifecycle-process:2.6.1] AndroidManifest.xml:29:13-31:52
79                android:name="androidx.lifecycle.ProcessLifecycleInitializer"
79-->[androidx.lifecycle:lifecycle-process:2.6.1] AndroidManifest.xml:30:17-78
80                android:value="androidx.startup" />
80-->[androidx.lifecycle:lifecycle-process:2.6.1] AndroidManifest.xml:31:17-49
81            <meta-data
81-->[androidx.profileinstaller:profileinstaller:1.3.0] AndroidManifest.xml:29:13-31:52
82                android:name="androidx.profileinstaller.ProfileInstallerInitializer"
82-->[androidx.profileinstaller:profileinstaller:1.3.0] AndroidManifest.xml:30:17-85
83                android:value="androidx.startup" />
83-->[androidx.profileinstaller:profileinstaller:1.3.0] AndroidManifest.xml:31:17-49
84        </provider>
85
86        <receiver
86-->[androidx.profileinstaller:profileinstaller:1.3.0] AndroidManifest.xml:34:9-52:20
87            android:name="androidx.profileinstaller.ProfileInstallReceiver"
87-->[androidx.profileinstaller:profileinstaller:1.3.0] AndroidManifest.xml:35:13-76
88            android:directBootAware="false"
88-->[androidx.profileinstaller:profileinstaller:1.3.0] AndroidManifest.xml:36:13-44
89            android:enabled="true"
89-->[androidx.profileinstaller:profileinstaller:1.3.0] AndroidManifest.xml:37:13-35
90            android:exported="true"
90-->[androidx.profileinstaller:profileinstaller:1.3.0] AndroidManifest.xml:38:13-36
91            android:permission="android.permission.DUMP" >
91-->[androidx.profileinstaller:profileinstaller:1.3.0] AndroidManifest.xml:39:13-57
92            <intent-filter>
92-->[androidx.profileinstaller:profileinstaller:1.3.0] AndroidManifest.xml:40:13-42:29
93                <action android:name="androidx.profileinstaller.action.INSTALL_PROFILE" />
93-->[androidx.profileinstaller:profileinstaller:1.3.0] AndroidManifest.xml:41:17-91
93-->[androidx.profileinstaller:profileinstaller:1.3.0] AndroidManifest.xml:41:25-88
94            </intent-filter>
95            <intent-filter>
95-->[androidx.profileinstaller:profileinstaller:1.3.0] AndroidManifest.xml:43:13-45:29
96                <action android:name="androidx.profileinstaller.action.SKIP_FILE" />
96-->[androidx.profileinstaller:profileinstaller:1.3.0] AndroidManifest.xml:44:17-85
96-->[androidx.profileinstaller:profileinstaller:1.3.0] AndroidManifest.xml:44:25-82
97            </intent-filter>
98            <intent-filter>
98-->[androidx.profileinstaller:profileinstaller:1.3.0] AndroidManifest.xml:46:13-48:29
99                <action android:name="androidx.profileinstaller.action.SAVE_PROFILE" />
99-->[androidx.profileinstaller:profileinstaller:1.3.0] AndroidManifest.xml:47:17-88
99-->[androidx.profileinstaller:profileinstaller:1.3.0] AndroidManifest.xml:47:25-85
100            </intent-filter>
101            <intent-filter>
101-->[androidx.profileinstaller:profileinstaller:1.3.0] AndroidManifest.xml:49:13-51:29
102                <action android:name="androidx.profileinstaller.action.BENCHMARK_OPERATION" />
102-->[androidx.profileinstaller:profileinstaller:1.3.0] AndroidManifest.xml:50:17-95
102-->[androidx.profileinstaller:profileinstaller:1.3.0] AndroidManifest.xml:50:25-92
103            </intent-filter>
104        </receiver>
105    </application>
106
107</manifest>